<?xml version="1.0" encoding="UTF-8"?>
<!-- Generated by org.testng.reporters.JUnitXMLReporter -->
<testsuite ignored="2" hostname="LAPTOP-9SPL7H0E" failures="0" tests="13" name="Test1" time="0.367" errors="0" timestamp="2023-11-13T20:46:57 EST">
  <testcase classname="testNGConcept.Annotations" name="testCase3" time="0.019"/>
  <testcase classname="testNGConcept.Annotations" name="testCase4" time="0.002"/>
  <testcase classname="testNGConcept.Annotations" name="testCase2" time="0.003"/>
  <testcase classname="testNGConcept.Annotations" name="testCase1" time="0.009"/>
  <testcase classname="testNGConcept.Annotations" name="testCase1" time="0.005"/>
  <testcase classname="testNGConcept.Annotations" name="testCase1" time="0.004"/>
  <testcase classname="testNGConcept.Annotations" name="testCase1" time="0.003"/>
  <testcase classname="testNGConcept.Annotations" name="testCase1" time="0.003"/>
  <testcase classname="testNGConcept.Annotations" name="testCase1" time="0.002"/>
  <testcase classname="testNGConcept.Annotations" name="testCase1" time="0.001"/>
  <testcase classname="testNGConcept.Annotations" name="testCase1" time="0.002"/>
  <testcase classname="testNGConcept.Annotations" name="testCase1" time="0.002"/>
  <testcase classname="testNGConcept.Annotations" name="testCase1" time="0.002"/>
  <testcase classname="testNGConcept.Annotations" name="testCase5" time="0.0">
    <ignored/>
  </testcase> <!-- testCase5 -->
  <testcase classname="testNGConcept.Annotations" name="testCase6" time="0.0">
    <ignored/>
  </testcase> <!-- testCase6 -->
</testsuite> <!-- Test1 -->
