<?xml version="1.0" encoding="UTF-8"?>
<testng-results ignored="0" total="13" passed="13" failed="0" skipped="0">
  <reporter-output>
  </reporter-output>
  <suite started-at="2023-11-13T20:46:56 EST" name="Test Suite" finished-at="2023-11-13T20:46:57 EST" duration-ms="367">
    <groups>
      <group name="smoke">
        <method signature="Annotations.testCase1()[pri:4, instance:testNGConcept.Annotations@5a5a729f]" name="testCase1" class="testNGConcept.Annotations"/>
      </group> <!-- smoke -->
    </groups>
    <test started-at="2023-11-13T20:46:56 EST" name="Test1" finished-at="2023-11-13T20:46:57 EST" duration-ms="367">
      <class name="testNGConcept.Annotations">
        <test-method is-config="true" signature="beforeSuite()[pri:0, instance:testNGConcept.Annotations@5a5a729f]" started-at="2023-11-13T20:46:56 EST" name="beforeSuite" finished-at="2023-11-13T20:46:56 EST" duration-ms="25" status="PASS">
          <reporter-output>
          </reporter-output>
        </test-method> <!-- beforeSuite -->
        <test-method is-config="true" signature="beforeTest()[pri:0, instance:testNGConcept.Annotations@5a5a729f]" started-at="2023-11-13T20:46:56 EST" name="beforeTest" finished-at="2023-11-13T20:46:56 EST" duration-ms="0" status="PASS">
          <reporter-output>
          </reporter-output>
        </test-method> <!-- beforeTest -->
        <test-method is-config="true" signature="beforeClass()[pri:0, instance:testNGConcept.Annotations@5a5a729f]" started-at="2023-11-13T20:46:56 EST" name="beforeClass" finished-at="2023-11-13T20:46:56 EST" duration-ms="0" status="PASS">
          <reporter-output>
          </reporter-output>
        </test-method> <!-- beforeClass -->
        <test-method is-config="true" signature="beforeMethod()[pri:0, instance:testNGConcept.Annotations@5a5a729f]" started-at="2023-11-13T20:46:56 EST" name="beforeMethod" finished-at="2023-11-13T20:46:56 EST" duration-ms="0" status="PASS">
          <reporter-output>
          </reporter-output>
        </test-method> <!-- beforeMethod -->
        <test-method signature="testCase3()[pri:-1, instance:testNGConcept.Annotations@5a5a729f]" started-at="2023-11-13T20:46:56 EST" name="testCase3" finished-at="2023-11-13T20:46:57 EST" duration-ms="19" status="PASS">
          <reporter-output>
          </reporter-output>
        </test-method> <!-- testCase3 -->
        <test-method is-config="true" signature="afterMethod()[pri:0, instance:testNGConcept.Annotations@5a5a729f]" started-at="2023-11-13T20:46:57 EST" name="afterMethod" finished-at="2023-11-13T20:46:57 EST" duration-ms="0" status="PASS">
          <reporter-output>
          </reporter-output>
        </test-method> <!-- afterMethod -->
        <test-method is-config="true" signature="beforeMethod()[pri:0, instance:testNGConcept.Annotations@5a5a729f]" started-at="2023-11-13T20:46:57 EST" name="beforeMethod" finished-at="2023-11-13T20:46:57 EST" duration-ms="1" status="PASS">
          <reporter-output>
          </reporter-output>
        </test-method> <!-- beforeMethod -->
        <test-method signature="testCase4()[pri:0, instance:testNGConcept.Annotations@5a5a729f]" started-at="2023-11-13T20:46:57 EST" name="testCase4" finished-at="2023-11-13T20:46:57 EST" duration-ms="2" status="PASS">
          <reporter-output>
          </reporter-output>
        </test-method> <!-- testCase4 -->
        <test-method is-config="true" signature="afterMethod()[pri:0, instance:testNGConcept.Annotations@5a5a729f]" started-at="2023-11-13T20:46:57 EST" name="afterMethod" finished-at="2023-11-13T20:46:57 EST" duration-ms="1" status="PASS">
          <reporter-output>
          </reporter-output>
        </test-method> <!-- afterMethod -->
        <test-method is-config="true" signature="beforeMethod()[pri:0, instance:testNGConcept.Annotations@5a5a729f]" started-at="2023-11-13T20:46:57 EST" name="beforeMethod" finished-at="2023-11-13T20:46:57 EST" duration-ms="1" status="PASS">
          <reporter-output>
          </reporter-output>
        </test-method> <!-- beforeMethod -->
        <test-method signature="testCase2()[pri:2, instance:testNGConcept.Annotations@5a5a729f]" started-at="2023-11-13T20:46:57 EST" name="testCase2" finished-at="2023-11-13T20:46:57 EST" duration-ms="3" status="PASS">
          <reporter-output>
          </reporter-output>
        </test-method> <!-- testCase2 -->
        <test-method is-config="true" signature="afterMethod()[pri:0, instance:testNGConcept.Annotations@5a5a729f]" started-at="2023-11-13T20:46:57 EST" name="afterMethod" finished-at="2023-11-13T20:46:57 EST" duration-ms="1" status="PASS">
          <reporter-output>
          </reporter-output>
        </test-method> <!-- afterMethod -->
        <test-method is-config="true" signature="beforeMethod()[pri:0, instance:testNGConcept.Annotations@5a5a729f]" started-at="2023-11-13T20:46:57 EST" name="beforeMethod" finished-at="2023-11-13T20:46:57 EST" duration-ms="1" status="PASS">
          <reporter-output>
          </reporter-output>
        </test-method> <!-- beforeMethod -->
        <test-method signature="testCase1()[pri:4, instance:testNGConcept.Annotations@5a5a729f]" started-at="2023-11-13T20:46:57 EST" name="testCase1" finished-at="2023-11-13T20:46:57 EST" duration-ms="9" status="PASS">
          <reporter-output>
          </reporter-output>
        </test-method> <!-- testCase1 -->
        <test-method is-config="true" signature="afterMethod()[pri:0, instance:testNGConcept.Annotations@5a5a729f]" started-at="2023-11-13T20:46:57 EST" name="afterMethod" finished-at="2023-11-13T20:46:57 EST" duration-ms="1" status="PASS">
          <reporter-output>
          </reporter-output>
        </test-method> <!-- afterMethod -->
        <test-method is-config="true" signature="beforeMethod()[pri:0, instance:testNGConcept.Annotations@5a5a729f]" started-at="2023-11-13T20:46:57 EST" name="beforeMethod" finished-at="2023-11-13T20:46:57 EST" duration-ms="1" status="PASS">
          <reporter-output>
          </reporter-output>
        </test-method> <!-- beforeMethod -->
        <test-method signature="testCase1()[pri:4, instance:testNGConcept.Annotations@5a5a729f]" started-at="2023-11-13T20:46:57 EST" name="testCase1" finished-at="2023-11-13T20:46:57 EST" duration-ms="5" status="PASS">
          <reporter-output>
          </reporter-output>
        </test-method> <!-- testCase1 -->
        <test-method is-config="true" signature="afterMethod()[pri:0, instance:testNGConcept.Annotations@5a5a729f]" started-at="2023-11-13T20:46:57 EST" name="afterMethod" finished-at="2023-11-13T20:46:57 EST" duration-ms="1" status="PASS">
          <reporter-output>
          </reporter-output>
        </test-method> <!-- afterMethod -->
        <test-method signature="testCase1()[pri:4, instance:testNGConcept.Annotations@5a5a729f]" started-at="2023-11-13T20:46:57 EST" name="testCase1" finished-at="2023-11-13T20:46:57 EST" duration-ms="4" status="PASS">
          <reporter-output>
          </reporter-output>
        </test-method> <!-- testCase1 -->
        <test-method is-config="true" signature="beforeMethod()[pri:0, instance:testNGConcept.Annotations@5a5a729f]" started-at="2023-11-13T20:46:57 EST" name="beforeMethod" finished-at="2023-11-13T20:46:57 EST" duration-ms="0" status="PASS">
          <reporter-output>
          </reporter-output>
        </test-method> <!-- beforeMethod -->
        <test-method is-config="true" signature="afterMethod()[pri:0, instance:testNGConcept.Annotations@5a5a729f]" started-at="2023-11-13T20:46:57 EST" name="afterMethod" finished-at="2023-11-13T20:46:57 EST" duration-ms="1" status="PASS">
          <reporter-output>
          </reporter-output>
        </test-method> <!-- afterMethod -->
        <test-method is-config="true" signature="beforeMethod()[pri:0, instance:testNGConcept.Annotations@5a5a729f]" started-at="2023-11-13T20:46:57 EST" name="beforeMethod" finished-at="2023-11-13T20:46:57 EST" duration-ms="1" status="PASS">
          <reporter-output>
          </reporter-output>
        </test-method> <!-- beforeMethod -->
        <test-method signature="testCase1()[pri:4, instance:testNGConcept.Annotations@5a5a729f]" started-at="2023-11-13T20:46:57 EST" name="testCase1" finished-at="2023-11-13T20:46:57 EST" duration-ms="3" status="PASS">
          <reporter-output>
          </reporter-output>
        </test-method> <!-- testCase1 -->
        <test-method is-config="true" signature="afterMethod()[pri:0, instance:testNGConcept.Annotations@5a5a729f]" started-at="2023-11-13T20:46:57 EST" name="afterMethod" finished-at="2023-11-13T20:46:57 EST" duration-ms="1" status="PASS">
          <reporter-output>
          </reporter-output>
        </test-method> <!-- afterMethod -->
        <test-method is-config="true" signature="beforeMethod()[pri:0, instance:testNGConcept.Annotations@5a5a729f]" started-at="2023-11-13T20:46:57 EST" name="beforeMethod" finished-at="2023-11-13T20:46:57 EST" duration-ms="1" status="PASS">
          <reporter-output>
          </reporter-output>
        </test-method> <!-- beforeMethod -->
        <test-method signature="testCase1()[pri:4, instance:testNGConcept.Annotations@5a5a729f]" started-at="2023-11-13T20:46:57 EST" name="testCase1" finished-at="2023-11-13T20:46:57 EST" duration-ms="3" status="PASS">
          <reporter-output>
          </reporter-output>
        </test-method> <!-- testCase1 -->
        <test-method is-config="true" signature="afterMethod()[pri:0, instance:testNGConcept.Annotations@5a5a729f]" started-at="2023-11-13T20:46:57 EST" name="afterMethod" finished-at="2023-11-13T20:46:57 EST" duration-ms="0" status="PASS">
          <reporter-output>
          </reporter-output>
        </test-method> <!-- afterMethod -->
        <test-method is-config="true" signature="beforeMethod()[pri:0, instance:testNGConcept.Annotations@5a5a729f]" started-at="2023-11-13T20:46:57 EST" name="beforeMethod" finished-at="2023-11-13T20:46:57 EST" duration-ms="1" status="PASS">
          <reporter-output>
          </reporter-output>
        </test-method> <!-- beforeMethod -->
        <test-method signature="testCase1()[pri:4, instance:testNGConcept.Annotations@5a5a729f]" started-at="2023-11-13T20:46:57 EST" name="testCase1" finished-at="2023-11-13T20:46:57 EST" duration-ms="2" status="PASS">
          <reporter-output>
          </reporter-output>
        </test-method> <!-- testCase1 -->
        <test-method is-config="true" signature="afterMethod()[pri:0, instance:testNGConcept.Annotations@5a5a729f]" started-at="2023-11-13T20:46:57 EST" name="afterMethod" finished-at="2023-11-13T20:46:57 EST" duration-ms="0" status="PASS">
          <reporter-output>
          </reporter-output>
        </test-method> <!-- afterMethod -->
        <test-method is-config="true" signature="beforeMethod()[pri:0, instance:testNGConcept.Annotations@5a5a729f]" started-at="2023-11-13T20:46:57 EST" name="beforeMethod" finished-at="2023-11-13T20:46:57 EST" duration-ms="0" status="PASS">
          <reporter-output>
          </reporter-output>
        </test-method> <!-- beforeMethod -->
        <test-method signature="testCase1()[pri:4, instance:testNGConcept.Annotations@5a5a729f]" started-at="2023-11-13T20:46:57 EST" name="testCase1" finished-at="2023-11-13T20:46:57 EST" duration-ms="1" status="PASS">
          <reporter-output>
          </reporter-output>
        </test-method> <!-- testCase1 -->
        <test-method is-config="true" signature="afterMethod()[pri:0, instance:testNGConcept.Annotations@5a5a729f]" started-at="2023-11-13T20:46:57 EST" name="afterMethod" finished-at="2023-11-13T20:46:57 EST" duration-ms="1" status="PASS">
          <reporter-output>
          </reporter-output>
        </test-method> <!-- afterMethod -->
        <test-method is-config="true" signature="beforeMethod()[pri:0, instance:testNGConcept.Annotations@5a5a729f]" started-at="2023-11-13T20:46:57 EST" name="beforeMethod" finished-at="2023-11-13T20:46:57 EST" duration-ms="0" status="PASS">
          <reporter-output>
          </reporter-output>
        </test-method> <!-- beforeMethod -->
        <test-method signature="testCase1()[pri:4, instance:testNGConcept.Annotations@5a5a729f]" started-at="2023-11-13T20:46:57 EST" name="testCase1" finished-at="2023-11-13T20:46:57 EST" duration-ms="2" status="PASS">
          <reporter-output>
          </reporter-output>
        </test-method> <!-- testCase1 -->
        <test-method is-config="true" signature="afterMethod()[pri:0, instance:testNGConcept.Annotations@5a5a729f]" started-at="2023-11-13T20:46:57 EST" name="afterMethod" finished-at="2023-11-13T20:46:57 EST" duration-ms="0" status="PASS">
          <reporter-output>
          </reporter-output>
        </test-method> <!-- afterMethod -->
        <test-method signature="testCase1()[pri:4, instance:testNGConcept.Annotations@5a5a729f]" started-at="2023-11-13T20:46:57 EST" name="testCase1" finished-at="2023-11-13T20:46:57 EST" duration-ms="2" status="PASS">
          <reporter-output>
          </reporter-output>
        </test-method> <!-- testCase1 -->
        <test-method is-config="true" signature="beforeMethod()[pri:0, instance:testNGConcept.Annotations@5a5a729f]" started-at="2023-11-13T20:46:57 EST" name="beforeMethod" finished-at="2023-11-13T20:46:57 EST" duration-ms="0" status="PASS">
          <reporter-output>
          </reporter-output>
        </test-method> <!-- beforeMethod -->
        <test-method is-config="true" signature="afterMethod()[pri:0, instance:testNGConcept.Annotations@5a5a729f]" started-at="2023-11-13T20:46:57 EST" name="afterMethod" finished-at="2023-11-13T20:46:57 EST" duration-ms="1" status="PASS">
          <reporter-output>
          </reporter-output>
        </test-method> <!-- afterMethod -->
        <test-method is-config="true" signature="beforeMethod()[pri:0, instance:testNGConcept.Annotations@5a5a729f]" started-at="2023-11-13T20:46:57 EST" name="beforeMethod" finished-at="2023-11-13T20:46:57 EST" duration-ms="1" status="PASS">
          <reporter-output>
          </reporter-output>
        </test-method> <!-- beforeMethod -->
        <test-method signature="testCase1()[pri:4, instance:testNGConcept.Annotations@5a5a729f]" started-at="2023-11-13T20:46:57 EST" name="testCase1" finished-at="2023-11-13T20:46:57 EST" duration-ms="2" status="PASS">
          <reporter-output>
          </reporter-output>
        </test-method> <!-- testCase1 -->
        <test-method is-config="true" signature="afterMethod()[pri:0, instance:testNGConcept.Annotations@5a5a729f]" started-at="2023-11-13T20:46:57 EST" name="afterMethod" finished-at="2023-11-13T20:46:57 EST" duration-ms="1" status="PASS">
          <reporter-output>
          </reporter-output>
        </test-method> <!-- afterMethod -->
        <test-method is-config="true" signature="afterClass()[pri:0, instance:testNGConcept.Annotations@5a5a729f]" started-at="2023-11-13T20:46:57 EST" name="afterClass" finished-at="2023-11-13T20:46:57 EST" duration-ms="1" status="PASS">
          <reporter-output>
          </reporter-output>
        </test-method> <!-- afterClass -->
        <test-method is-config="true" signature="afterTest()[pri:0, instance:testNGConcept.Annotations@5a5a729f]" started-at="2023-11-13T20:46:57 EST" name="afterTest" finished-at="2023-11-13T20:46:57 EST" duration-ms="0" status="PASS">
          <reporter-output>
          </reporter-output>
        </test-method> <!-- afterTest -->
        <test-method is-config="true" signature="afterSuite()[pri:0, instance:testNGConcept.Annotations@5a5a729f]" started-at="2023-11-13T20:46:57 EST" name="afterSuite" finished-at="2023-11-13T20:46:57 EST" duration-ms="0" status="PASS">
          <reporter-output>
          </reporter-output>
        </test-method> <!-- afterSuite -->
      </class> <!-- testNGConcept.Annotations -->
    </test> <!-- Test1 -->
  </suite> <!-- Test Suite -->
</testng-results>
